<?xml version="1.0" encoding="UTF-8"?>
<!-- Generated by org.testng.reporters.JUnitReportReporter -->
<testsuite hostname="Pablo-PC" name="org.upasample2.app.GsonTest" tests="28" failures="0" timestamp="26 Apr 2015 19:17:08 GMT" time="0.224" errors="0">
  <testcase name="fromJson" time="0.001" classname="org.upasample2.app.GsonTest"/>
  <testcase name="fromJson" time="0.001" classname="org.upasample2.app.GsonTest"/>
  <testcase name="toJson" time="0.001" classname="org.upasample2.app.GsonTest"/>
  <testcase name="toJson" time="0.002" classname="org.upasample2.app.GsonTest"/>
  <testcase name="fromJson" time="0.001" classname="org.upasample2.app.GsonTest"/>
  <testcase name="toJson" time="0.001" classname="org.upasample2.app.GsonTest"/>
  <testcase name="fromJson" time="0.088" classname="org.upasample2.app.GsonTest"/>
  <testcase name="toJson" time="0.000" classname="org.upasample2.app.GsonTest"/>
  <testcase name="toJson" time="0.001" classname="org.upasample2.app.GsonTest"/>
  <testcase name="fromJson" time="0.002" classname="org.upasample2.app.GsonTest"/>
  <testcase name="toJson" time="0.002" classname="org.upasample2.app.GsonTest"/>
  <testcase name="toJson" time="0.001" classname="org.upasample2.app.GsonTest"/>
  <testcase name="fromJson" time="0.010" classname="org.upasample2.app.GsonTest"/>
  <testcase name="toJson" time="0.001" classname="org.upasample2.app.GsonTest"/>
  <testcase name="toJson" time="0.002" classname="org.upasample2.app.GsonTest"/>
  <testcase name="fromJson" time="0.070" classname="org.upasample2.app.GsonTest"/>
  <testcase name="fromJson" time="0.002" classname="org.upasample2.app.GsonTest"/>
  <testcase name="fromJson" time="0.001" classname="org.upasample2.app.GsonTest"/>
  <testcase name="toJson" time="0.001" classname="org.upasample2.app.GsonTest"/>
  <testcase name="fromJson" time="0.001" classname="org.upasample2.app.GsonTest"/>
  <testcase name="toJson" time="0.001" classname="org.upasample2.app.GsonTest"/>
  <testcase name="toJson" time="0.001" classname="org.upasample2.app.GsonTest"/>
  <testcase name="fromJson" time="0.001" classname="org.upasample2.app.GsonTest"/>
  <testcase name="toJson" time="0.000" classname="org.upasample2.app.GsonTest"/>
  <testcase name="fromJson" time="0.003" classname="org.upasample2.app.GsonTest"/>
  <testcase name="fromJson" time="0.003" classname="org.upasample2.app.GsonTest"/>
  <testcase name="toJson" time="0.024" classname="org.upasample2.app.GsonTest"/>
  <testcase name="fromJson" time="0.002" classname="org.upasample2.app.GsonTest"/>
</testsuite> <!-- org.upasample2.app.GsonTest -->
