<?xml version="1.0" encoding="UTF-8"?>
<!-- Generated by org.testng.reporters.JUnitReportReporter -->
<testsuite hostname="Pablo-PC" name="org.upasample2.app.ConvertUtilsBeanTest" tests="14" failures="0" timestamp="26 Apr 2015 20:01:29 GMT" time="0.221" errors="0">
  <testcase name="fromText" time="0.000" classname="org.upasample2.app.ConvertUtilsBeanTest"/>
  <testcase name="fromText" time="0.111" classname="org.upasample2.app.ConvertUtilsBeanTest"/>
  <testcase name="fromText" time="0.001" classname="org.upasample2.app.ConvertUtilsBeanTest"/>
  <testcase name="fromText" time="0.001" classname="org.upasample2.app.ConvertUtilsBeanTest"/>
  <testcase name="fromText" time="0.001" classname="org.upasample2.app.ConvertUtilsBeanTest"/>
  <testcase name="fromText" time="0.094" classname="org.upasample2.app.ConvertUtilsBeanTest"/>
  <testcase name="fromText" time="0.001" classname="org.upasample2.app.ConvertUtilsBeanTest"/>
  <testcase name="fromText" time="0.002" classname="org.upasample2.app.ConvertUtilsBeanTest"/>
  <testcase name="fromText" time="0.001" classname="org.upasample2.app.ConvertUtilsBeanTest"/>
  <testcase name="fromText" time="0.004" classname="org.upasample2.app.ConvertUtilsBeanTest"/>
  <testcase name="fromText" time="0.001" classname="org.upasample2.app.ConvertUtilsBeanTest"/>
  <testcase name="fromText" time="0.001" classname="org.upasample2.app.ConvertUtilsBeanTest"/>
  <testcase name="fromText" time="0.000" classname="org.upasample2.app.ConvertUtilsBeanTest"/>
  <testcase name="fromText" time="0.003" classname="org.upasample2.app.ConvertUtilsBeanTest"/>
</testsuite> <!-- org.upasample2.app.ConvertUtilsBeanTest -->
